This is pdfTeX, Version 3.141592653-2.6-1.40.22 (TeX Live 2022/dev/Debian) (preloaded format=pdflatex 2024.4.13)  11 SEP 2024 15:31
entering extended mode
 restricted \write18 enabled.
 %&-line parsing enabled.
**presentation.tex
(./presentation.tex
LaTeX2e <2021-11-15> patch level 1
L3 programming layer <2022-01-21> (./fancyslides.cls
Document Class: fancyslides 2013/04/23 my custom beamer slides class
(/usr/share/texlive/texmf-dist/tex/latex/beamer/beamer.cls
Document Class: beamer 2022/01/21 v3.65 A class for typesetting presentations
(/usr/share/texlive/texmf-dist/tex/latex/beamer/beamerbasemodes.sty
(/usr/share/texlive/texmf-dist/tex/latex/etoolbox/etoolbox.sty
Package: etoolbox 2020/10/05 v2.5k e-TeX tools for LaTeX (JAW)
\etb@tempcnta=\count185
)
\beamer@tempbox=\box50
\beamer@tempcount=\count186
\c@beamerpauses=\count187

(/usr/share/texlive/texmf-dist/tex/latex/beamer/beamerbasedecode.sty
\beamer@slideinframe=\count188
\beamer@minimum=\count189
\beamer@decode@box=\box51
)
\beamer@commentbox=\box52
\beamer@modecount=\count190
)
(/usr/share/texlive/texmf-dist/tex/generic/iftex/ifpdf.sty
Package: ifpdf 2019/10/25 v3.4 ifpdf legacy package. Use iftex instead.

(/usr/share/texlive/texmf-dist/tex/generic/iftex/iftex.sty
Package: iftex 2020/03/06 v1.0d TeX engine tests
))
\headdp=\dimen138
\footheight=\dimen139
\sidebarheight=\dimen140
\beamer@tempdim=\dimen141
\beamer@finalheight=\dimen142
\beamer@animht=\dimen143
\beamer@animdp=\dimen144
\beamer@animwd=\dimen145
\beamer@leftmargin=\dimen146
\beamer@rightmargin=\dimen147
\beamer@leftsidebar=\dimen148
\beamer@rightsidebar=\dimen149
\beamer@boxsize=\dimen150
\beamer@vboxoffset=\dimen151
\beamer@descdefault=\dimen152
\beamer@descriptionwidth=\dimen153
\beamer@lastskip=\skip47
\beamer@areabox=\box53
\beamer@animcurrent=\box54
\beamer@animshowbox=\box55
\beamer@sectionbox=\box56
\beamer@logobox=\box57
\beamer@linebox=\box58
\beamer@sectioncount=\count191
\beamer@subsubsectionmax=\count192
\beamer@subsectionmax=\count193
\beamer@sectionmax=\count194
\beamer@totalheads=\count195
\beamer@headcounter=\count196
\beamer@partstartpage=\count197
\beamer@sectionstartpage=\count198
\beamer@subsectionstartpage=\count199
\beamer@animationtempa=\count266
\beamer@animationtempb=\count267
\beamer@xpos=\count268
\beamer@ypos=\count269
\beamer@ypos@offset=\count270
\beamer@showpartnumber=\count271
\beamer@currentsubsection=\count272
\beamer@coveringdepth=\count273
\beamer@sectionadjust=\count274
\beamer@toclastsection=\count275
\beamer@tocsectionnumber=\count276

(/usr/share/texlive/texmf-dist/tex/latex/beamer/beamerbaseoptions.sty
(/usr/share/texlive/texmf-dist/tex/latex/graphics/keyval.sty
Package: keyval 2014/10/28 v1.15 key=value parser (DPC)
\KV@toks@=\toks16
))
\beamer@paperwidth=\skip48
\beamer@paperheight=\skip49

(/usr/share/texlive/texmf-dist/tex/latex/geometry/geometry.sty
Package: geometry 2020/01/02 v5.9 Page Geometry

(/usr/share/texlive/texmf-dist/tex/generic/iftex/ifvtex.sty
Package: ifvtex 2019/10/25 v1.7 ifvtex legacy package. Use iftex instead.
)
\Gm@cnth=\count277
\Gm@cntv=\count278
\c@Gm@tempcnt=\count279
\Gm@bindingoffset=\dimen154
\Gm@wd@mp=\dimen155
\Gm@odd@mp=\dimen156
\Gm@even@mp=\dimen157
\Gm@layoutwidth=\dimen158
\Gm@layoutheight=\dimen159
\Gm@layouthoffset=\dimen160
\Gm@layoutvoffset=\dimen161
\Gm@dimlist=\toks17
)
(/usr/share/texlive/texmf-dist/tex/latex/pgf/basiclayer/pgfcore.sty
(/usr/share/texlive/texmf-dist/tex/latex/graphics/graphicx.sty
Package: graphicx 2021/09/16 v1.2d Enhanced LaTeX Graphics (DPC,SPQR)

(/usr/share/texlive/texmf-dist/tex/latex/graphics/graphics.sty
Package: graphics 2021/03/04 v1.4d Standard LaTeX Graphics (DPC,SPQR)

(/usr/share/texlive/texmf-dist/tex/latex/graphics/trig.sty
Package: trig 2021/08/11 v1.11 sin cos tan (DPC)
)
(/usr/share/texlive/texmf-dist/tex/latex/graphics-cfg/graphics.cfg
File: graphics.cfg 2016/06/04 v1.11 sample graphics configuration
)
Package graphics Info: Driver file: pdftex.def on input line 107.

(/usr/share/texlive/texmf-dist/tex/latex/graphics-def/pdftex.def
File: pdftex.def 2020/10/05 v1.2a Graphics/color driver for pdftex
))
\Gin@req@height=\dimen162
\Gin@req@width=\dimen163
)
(/usr/share/texlive/texmf-dist/tex/latex/pgf/systemlayer/pgfsys.sty
(/usr/share/texlive/texmf-dist/tex/latex/pgf/utilities/pgfrcs.sty
(/usr/share/texlive/texmf-dist/tex/generic/pgf/utilities/pgfutil-common.tex
\pgfutil@everybye=\toks18
\pgfutil@tempdima=\dimen164
\pgfutil@tempdimb=\dimen165

(/usr/share/texlive/texmf-dist/tex/generic/pgf/utilities/pgfutil-common-lists.t
ex)) (/usr/share/texlive/texmf-dist/tex/generic/pgf/utilities/pgfutil-latex.def
\pgfutil@abb=\box59
) (/usr/share/texlive/texmf-dist/tex/generic/pgf/utilities/pgfrcs.code.tex
(/usr/share/texlive/texmf-dist/tex/generic/pgf/pgf.revision.tex)
Package: pgfrcs 2021/05/15 v3.1.9a (3.1.9a)
))
(/usr/share/texlive/texmf-dist/tex/generic/pgf/systemlayer/pgfsys.code.tex
Package: pgfsys 2021/05/15 v3.1.9a (3.1.9a)

(/usr/share/texlive/texmf-dist/tex/generic/pgf/utilities/pgfkeys.code.tex
\pgfkeys@pathtoks=\toks19
\pgfkeys@temptoks=\toks20

(/usr/share/texlive/texmf-dist/tex/generic/pgf/utilities/pgfkeysfiltered.code.t
ex
\pgfkeys@tmptoks=\toks21
))
\pgf@x=\dimen166
\pgf@y=\dimen167
\pgf@xa=\dimen168
\pgf@ya=\dimen169
\pgf@xb=\dimen170
\pgf@yb=\dimen171
\pgf@xc=\dimen172
\pgf@yc=\dimen173
\pgf@xd=\dimen174
\pgf@yd=\dimen175
\w@pgf@writea=\write3
\r@pgf@reada=\read2
\c@pgf@counta=\count280
\c@pgf@countb=\count281
\c@pgf@countc=\count282
\c@pgf@countd=\count283
\t@pgf@toka=\toks22
\t@pgf@tokb=\toks23
\t@pgf@tokc=\toks24
\pgf@sys@id@count=\count284
 (/usr/share/texlive/texmf-dist/tex/generic/pgf/systemlayer/pgf.cfg
File: pgf.cfg 2021/05/15 v3.1.9a (3.1.9a)
)
Driver file for pgf: pgfsys-pdftex.def

(/usr/share/texlive/texmf-dist/tex/generic/pgf/systemlayer/pgfsys-pdftex.def
File: pgfsys-pdftex.def 2021/05/15 v3.1.9a (3.1.9a)

(/usr/share/texlive/texmf-dist/tex/generic/pgf/systemlayer/pgfsys-common-pdf.de
f
File: pgfsys-common-pdf.def 2021/05/15 v3.1.9a (3.1.9a)
)))
(/usr/share/texlive/texmf-dist/tex/generic/pgf/systemlayer/pgfsyssoftpath.code.
tex
File: pgfsyssoftpath.code.tex 2021/05/15 v3.1.9a (3.1.9a)
\pgfsyssoftpath@smallbuffer@items=\count285
\pgfsyssoftpath@bigbuffer@items=\count286
)
(/usr/share/texlive/texmf-dist/tex/generic/pgf/systemlayer/pgfsysprotocol.code.
tex
File: pgfsysprotocol.code.tex 2021/05/15 v3.1.9a (3.1.9a)
)) (/usr/share/texlive/texmf-dist/tex/latex/xcolor/xcolor.sty
Package: xcolor 2021/10/31 v2.13 LaTeX color extensions (UK)

(/usr/share/texlive/texmf-dist/tex/latex/graphics-cfg/color.cfg
File: color.cfg 2016/01/02 v1.6 sample color configuration
)
Package xcolor Info: Driver file: pdftex.def on input line 227.
Package xcolor Info: Model `cmy' substituted by `cmy0' on input line 1352.
Package xcolor Info: Model `hsb' substituted by `rgb' on input line 1356.
Package xcolor Info: Model `RGB' extended on input line 1368.
Package xcolor Info: Model `HTML' substituted by `rgb' on input line 1370.
Package xcolor Info: Model `Hsb' substituted by `hsb' on input line 1371.
Package xcolor Info: Model `tHsb' substituted by `hsb' on input line 1372.
Package xcolor Info: Model `HSB' substituted by `hsb' on input line 1373.
Package xcolor Info: Model `Gray' substituted by `gray' on input line 1374.
Package xcolor Info: Model `wave' substituted by `hsb' on input line 1375.
)
(/usr/share/texlive/texmf-dist/tex/generic/pgf/basiclayer/pgfcore.code.tex
Package: pgfcore 2021/05/15 v3.1.9a (3.1.9a)

(/usr/share/texlive/texmf-dist/tex/generic/pgf/math/pgfmath.code.tex
(/usr/share/texlive/texmf-dist/tex/generic/pgf/math/pgfmathcalc.code.tex
(/usr/share/texlive/texmf-dist/tex/generic/pgf/math/pgfmathutil.code.tex)
(/usr/share/texlive/texmf-dist/tex/generic/pgf/math/pgfmathparser.code.tex
\pgfmath@dimen=\dimen176
\pgfmath@count=\count287
\pgfmath@box=\box60
\pgfmath@toks=\toks25
\pgfmath@stack@operand=\toks26
\pgfmath@stack@operation=\toks27
)
(/usr/share/texlive/texmf-dist/tex/generic/pgf/math/pgfmathfunctions.code.tex
(/usr/share/texlive/texmf-dist/tex/generic/pgf/math/pgfmathfunctions.basic.code
.tex)
(/usr/share/texlive/texmf-dist/tex/generic/pgf/math/pgfmathfunctions.trigonomet
ric.code.tex)
(/usr/share/texlive/texmf-dist/tex/generic/pgf/math/pgfmathfunctions.random.cod
e.tex)
(/usr/share/texlive/texmf-dist/tex/generic/pgf/math/pgfmathfunctions.comparison
.code.tex)
(/usr/share/texlive/texmf-dist/tex/generic/pgf/math/pgfmathfunctions.base.code.
tex)
(/usr/share/texlive/texmf-dist/tex/generic/pgf/math/pgfmathfunctions.round.code
.tex)
(/usr/share/texlive/texmf-dist/tex/generic/pgf/math/pgfmathfunctions.misc.code.
tex)
(/usr/share/texlive/texmf-dist/tex/generic/pgf/math/pgfmathfunctions.integerari
thmetics.code.tex)))
(/usr/share/texlive/texmf-dist/tex/generic/pgf/math/pgfmathfloat.code.tex
\c@pgfmathroundto@lastzeros=\count288
))
(/usr/share/texlive/texmf-dist/tex/generic/pgf/math/pgfint.code.tex)
(/usr/share/texlive/texmf-dist/tex/generic/pgf/basiclayer/pgfcorepoints.code.te
x
File: pgfcorepoints.code.tex 2021/05/15 v3.1.9a (3.1.9a)
\pgf@picminx=\dimen177
\pgf@picmaxx=\dimen178
\pgf@picminy=\dimen179
\pgf@picmaxy=\dimen180
\pgf@pathminx=\dimen181
\pgf@pathmaxx=\dimen182
\pgf@pathminy=\dimen183
\pgf@pathmaxy=\dimen184
\pgf@xx=\dimen185
\pgf@xy=\dimen186
\pgf@yx=\dimen187
\pgf@yy=\dimen188
\pgf@zx=\dimen189
\pgf@zy=\dimen190
)
(/usr/share/texlive/texmf-dist/tex/generic/pgf/basiclayer/pgfcorepathconstruct.
code.tex
File: pgfcorepathconstruct.code.tex 2021/05/15 v3.1.9a (3.1.9a)
\pgf@path@lastx=\dimen191
\pgf@path@lasty=\dimen192
)
(/usr/share/texlive/texmf-dist/tex/generic/pgf/basiclayer/pgfcorepathusage.code
.tex
File: pgfcorepathusage.code.tex 2021/05/15 v3.1.9a (3.1.9a)
\pgf@shorten@end@additional=\dimen193
\pgf@shorten@start@additional=\dimen194
)
(/usr/share/texlive/texmf-dist/tex/generic/pgf/basiclayer/pgfcorescopes.code.te
x
File: pgfcorescopes.code.tex 2021/05/15 v3.1.9a (3.1.9a)
\pgfpic=\box61
\pgf@hbox=\box62
\pgf@layerbox@main=\box63
\pgf@picture@serial@count=\count289
)
(/usr/share/texlive/texmf-dist/tex/generic/pgf/basiclayer/pgfcoregraphicstate.c
ode.tex
File: pgfcoregraphicstate.code.tex 2021/05/15 v3.1.9a (3.1.9a)
\pgflinewidth=\dimen195
)
(/usr/share/texlive/texmf-dist/tex/generic/pgf/basiclayer/pgfcoretransformation
s.code.tex
File: pgfcoretransformations.code.tex 2021/05/15 v3.1.9a (3.1.9a)
\pgf@pt@x=\dimen196
\pgf@pt@y=\dimen197
\pgf@pt@temp=\dimen198
)
(/usr/share/texlive/texmf-dist/tex/generic/pgf/basiclayer/pgfcorequick.code.tex
File: pgfcorequick.code.tex 2021/05/15 v3.1.9a (3.1.9a)
)
(/usr/share/texlive/texmf-dist/tex/generic/pgf/basiclayer/pgfcoreobjects.code.t
ex
File: pgfcoreobjects.code.tex 2021/05/15 v3.1.9a (3.1.9a)
)
(/usr/share/texlive/texmf-dist/tex/generic/pgf/basiclayer/pgfcorepathprocessing
.code.tex
File: pgfcorepathprocessing.code.tex 2021/05/15 v3.1.9a (3.1.9a)
)
(/usr/share/texlive/texmf-dist/tex/generic/pgf/basiclayer/pgfcorearrows.code.te
x
File: pgfcorearrows.code.tex 2021/05/15 v3.1.9a (3.1.9a)
\pgfarrowsep=\dimen199
)
(/usr/share/texlive/texmf-dist/tex/generic/pgf/basiclayer/pgfcoreshade.code.tex
File: pgfcoreshade.code.tex 2021/05/15 v3.1.9a (3.1.9a)
\pgf@max=\dimen256
\pgf@sys@shading@range@num=\count290
\pgf@shadingcount=\count291
)
(/usr/share/texlive/texmf-dist/tex/generic/pgf/basiclayer/pgfcoreimage.code.tex
File: pgfcoreimage.code.tex 2021/05/15 v3.1.9a (3.1.9a)

(/usr/share/texlive/texmf-dist/tex/generic/pgf/basiclayer/pgfcoreexternal.code.
tex
File: pgfcoreexternal.code.tex 2021/05/15 v3.1.9a (3.1.9a)
\pgfexternal@startupbox=\box64
))
(/usr/share/texlive/texmf-dist/tex/generic/pgf/basiclayer/pgfcorelayers.code.te
x
File: pgfcorelayers.code.tex 2021/05/15 v3.1.9a (3.1.9a)
)
(/usr/share/texlive/texmf-dist/tex/generic/pgf/basiclayer/pgfcoretransparency.c
ode.tex
File: pgfcoretransparency.code.tex 2021/05/15 v3.1.9a (3.1.9a)
)
(/usr/share/texlive/texmf-dist/tex/generic/pgf/basiclayer/pgfcorepatterns.code.
tex
File: pgfcorepatterns.code.tex 2021/05/15 v3.1.9a (3.1.9a)
)
(/usr/share/texlive/texmf-dist/tex/generic/pgf/basiclayer/pgfcorerdf.code.tex
File: pgfcorerdf.code.tex 2021/05/15 v3.1.9a (3.1.9a)
))) (/usr/share/texlive/texmf-dist/tex/latex/base/size11.clo
File: size11.clo 2021/10/04 v1.4n Standard LaTeX file (size option)
)
(/usr/share/texlive/texmf-dist/tex/latex/pgf/utilities/xxcolor.sty
Package: xxcolor 2003/10/24 ver 0.1
\XC@nummixins=\count292
\XC@countmixins=\count293
)
(/usr/share/texlive/texmf-dist/tex/latex/base/atbegshi-ltx.sty
Package: atbegshi-ltx 2021/01/10 v1.0c Emulation of the original atbegshi
package with kernel methods
)
(/usr/share/texlive/texmf-dist/tex/latex/hyperref/hyperref.sty
Package: hyperref 2021-06-07 v7.00m Hypertext links for LaTeX

(/usr/share/texlive/texmf-dist/tex/generic/ltxcmds/ltxcmds.sty
Package: ltxcmds 2020-05-10 v1.25 LaTeX kernel commands for general use (HO)
)
(/usr/share/texlive/texmf-dist/tex/generic/pdftexcmds/pdftexcmds.sty
Package: pdftexcmds 2020-06-27 v0.33 Utility functions of pdfTeX for LuaTeX (HO
)

(/usr/share/texlive/texmf-dist/tex/generic/infwarerr/infwarerr.sty
Package: infwarerr 2019/12/03 v1.5 Providing info/warning/error messages (HO)
)
Package pdftexcmds Info: \pdf@primitive is available.
Package pdftexcmds Info: \pdf@ifprimitive is available.
Package pdftexcmds Info: \pdfdraftmode found.
)
(/usr/share/texlive/texmf-dist/tex/generic/kvsetkeys/kvsetkeys.sty
Package: kvsetkeys 2019/12/15 v1.18 Key value parser (HO)
)
(/usr/share/texlive/texmf-dist/tex/generic/kvdefinekeys/kvdefinekeys.sty
Package: kvdefinekeys 2019-12-19 v1.6 Define keys (HO)
)
(/usr/share/texlive/texmf-dist/tex/generic/pdfescape/pdfescape.sty
Package: pdfescape 2019/12/09 v1.15 Implements pdfTeX's escape features (HO)
)
(/usr/share/texlive/texmf-dist/tex/latex/hycolor/hycolor.sty
Package: hycolor 2020-01-27 v1.10 Color options for hyperref/bookmark (HO)
)
(/usr/share/texlive/texmf-dist/tex/latex/letltxmacro/letltxmacro.sty
Package: letltxmacro 2019/12/03 v1.6 Let assignment for LaTeX macros (HO)
)
(/usr/share/texlive/texmf-dist/tex/latex/auxhook/auxhook.sty
Package: auxhook 2019-12-17 v1.6 Hooks for auxiliary files (HO)
)
(/usr/share/texlive/texmf-dist/tex/latex/kvoptions/kvoptions.sty
Package: kvoptions 2020-10-07 v3.14 Key value format for package options (HO)
)
\@linkdim=\dimen257
\Hy@linkcounter=\count294
\Hy@pagecounter=\count295

(/usr/share/texlive/texmf-dist/tex/latex/hyperref/pd1enc.def
File: pd1enc.def 2021-06-07 v7.00m Hyperref: PDFDocEncoding definition (HO)
Now handling font encoding PD1 ...
... no UTF-8 mapping file for font encoding PD1
)
(/usr/share/texlive/texmf-dist/tex/latex/hyperref/hyperref-langpatches.def
File: hyperref-langpatches.def 2021-06-07 v7.00m Hyperref: patches for babel la
nguages
)
(/usr/share/texlive/texmf-dist/tex/generic/intcalc/intcalc.sty
Package: intcalc 2019/12/15 v1.3 Expandable calculations with integers (HO)
)
(/usr/share/texlive/texmf-dist/tex/generic/etexcmds/etexcmds.sty
Package: etexcmds 2019/12/15 v1.7 Avoid name clashes with e-TeX commands (HO)
)
\Hy@SavedSpaceFactor=\count296

(/usr/share/texlive/texmf-dist/tex/latex/hyperref/puenc.def
File: puenc.def 2021-06-07 v7.00m Hyperref: PDF Unicode definition (HO)
Now handling font encoding PU ...
... no UTF-8 mapping file for font encoding PU
)
Package hyperref Info: Option `bookmarks' set `true' on input line 4073.
Package hyperref Info: Option `bookmarksopen' set `true' on input line 4073.
Package hyperref Info: Option `implicit' set `false' on input line 4073.
Package hyperref Info: Hyper figures OFF on input line 4192.
Package hyperref Info: Link nesting OFF on input line 4197.
Package hyperref Info: Hyper index ON on input line 4200.
Package hyperref Info: Plain pages OFF on input line 4207.
Package hyperref Info: Backreferencing OFF on input line 4212.
Package hyperref Info: Implicit mode OFF; no redefinition of LaTeX internals.
Package hyperref Info: Bookmarks ON on input line 4445.
\c@Hy@tempcnt=\count297

(/usr/share/texlive/texmf-dist/tex/latex/url/url.sty
\Urlmuskip=\muskip16
Package: url 2013/09/16  ver 3.4  Verb mode for urls, etc.
)
LaTeX Info: Redefining \url on input line 4804.
\XeTeXLinkMargin=\dimen258

(/usr/share/texlive/texmf-dist/tex/generic/bitset/bitset.sty
Package: bitset 2019/12/09 v1.3 Handle bit-vector datatype (HO)

(/usr/share/texlive/texmf-dist/tex/generic/bigintcalc/bigintcalc.sty
Package: bigintcalc 2019/12/15 v1.5 Expandable calculations on big integers (HO
)
))
\Fld@menulength=\count298
\Field@Width=\dimen259
\Fld@charsize=\dimen260
Package hyperref Info: Hyper figures OFF on input line 6076.
Package hyperref Info: Link nesting OFF on input line 6081.
Package hyperref Info: Hyper index ON on input line 6084.
Package hyperref Info: backreferencing OFF on input line 6091.
Package hyperref Info: Link coloring OFF on input line 6096.
Package hyperref Info: Link coloring with OCG OFF on input line 6101.
Package hyperref Info: PDF/A mode OFF on input line 6106.
LaTeX Info: Redefining \ref on input line 6146.
LaTeX Info: Redefining \pageref on input line 6150.
\Hy@abspage=\count299


Package hyperref Message: Stopped early.

)
Package hyperref Info: Driver (autodetected): hpdftex.
 (/usr/share/texlive/texmf-dist/tex/latex/hyperref/hpdftex.def
File: hpdftex.def 2021-06-07 v7.00m Hyperref driver for pdfTeX

(/usr/share/texlive/texmf-dist/tex/latex/base/atveryend-ltx.sty
Package: atveryend-ltx 2020/08/19 v1.0a Emulation of the original atveryend pac
kage
with kernel methods
)
\Fld@listcount=\count300
\c@bookmark@seq@number=\count301

(/usr/share/texlive/texmf-dist/tex/latex/rerunfilecheck/rerunfilecheck.sty
Package: rerunfilecheck 2019/12/05 v1.9 Rerun checks for auxiliary files (HO)

(/usr/share/texlive/texmf-dist/tex/generic/uniquecounter/uniquecounter.sty
Package: uniquecounter 2019/12/15 v1.4 Provide unlimited unique counter (HO)
)
Package uniquecounter Info: New unique counter `rerunfilecheck' on input line 2
86.
))
(/usr/share/texlive/texmf-dist/tex/latex/beamer/beamerbaserequires.sty
(/usr/share/texlive/texmf-dist/tex/latex/beamer/beamerbasecompatibility.sty)
(/usr/share/texlive/texmf-dist/tex/latex/beamer/beamerbasefont.sty
(/usr/share/texlive/texmf-dist/tex/latex/amsfonts/amssymb.sty
Package: amssymb 2013/01/14 v3.01 AMS font symbols

(/usr/share/texlive/texmf-dist/tex/latex/amsfonts/amsfonts.sty
Package: amsfonts 2013/01/14 v3.01 Basic AMSFonts support
\@emptytoks=\toks28
\symAMSa=\mathgroup4
\symAMSb=\mathgroup5
LaTeX Font Info:    Redeclaring math symbol \hbar on input line 98.
LaTeX Font Info:    Overwriting math alphabet `\mathfrak' in version `bold'
(Font)                  U/euf/m/n --> U/euf/b/n on input line 106.
))
(/usr/share/texlive/texmf-dist/tex/latex/sansmathaccent/sansmathaccent.sty
Package: sansmathaccent 2020/01/31

(/usr/share/texlive/texmf-dist/tex/latex/koma-script/scrlfile.sty
Package: scrlfile 2021/11/13 v3.35 KOMA-Script package (file load hooks)

(/usr/share/texlive/texmf-dist/tex/latex/koma-script/scrlfile-hook.sty
Package: scrlfile-hook 2021/11/13 v3.35 KOMA-Script package (using LaTeX hooks)


(/usr/share/texlive/texmf-dist/tex/latex/koma-script/scrlogo.sty
Package: scrlogo 2021/11/13 v3.35 KOMA-Script package (logo)
)))))
(/usr/share/texlive/texmf-dist/tex/latex/beamer/beamerbasetranslator.sty
(/usr/share/texlive/texmf-dist/tex/latex/translator/translator.sty
Package: translator 2021-05-31 v1.12d Easy translation of strings in LaTeX
))
(/usr/share/texlive/texmf-dist/tex/latex/beamer/beamerbasemisc.sty)
(/usr/share/texlive/texmf-dist/tex/latex/beamer/beamerbasetwoscreens.sty)
(/usr/share/texlive/texmf-dist/tex/latex/beamer/beamerbaseoverlay.sty
\beamer@argscount=\count302
\beamer@lastskipcover=\skip50
\beamer@trivlistdepth=\count303
)
(/usr/share/texlive/texmf-dist/tex/latex/beamer/beamerbasetitle.sty)
(/usr/share/texlive/texmf-dist/tex/latex/beamer/beamerbasesection.sty
\c@lecture=\count304
\c@part=\count305
\c@section=\count306
\c@subsection=\count307
\c@subsubsection=\count308
)
(/usr/share/texlive/texmf-dist/tex/latex/beamer/beamerbaseframe.sty
\beamer@framebox=\box65
\beamer@frametitlebox=\box66
\beamer@zoombox=\box67
\beamer@zoomcount=\count309
\beamer@zoomframecount=\count310
\beamer@frametextheight=\dimen261
\c@subsectionslide=\count311
\beamer@frametopskip=\skip51
\beamer@framebottomskip=\skip52
\beamer@frametopskipautobreak=\skip53
\beamer@framebottomskipautobreak=\skip54
\beamer@envbody=\toks29
\framewidth=\dimen262
\c@framenumber=\count312
)
(/usr/share/texlive/texmf-dist/tex/latex/beamer/beamerbaseverbatim.sty
\beamer@verbatimfileout=\write4
)
(/usr/share/texlive/texmf-dist/tex/latex/beamer/beamerbaseframesize.sty
\beamer@splitbox=\box68
\beamer@autobreakcount=\count313
\beamer@autobreaklastheight=\dimen263
\beamer@frametitletoks=\toks30
\beamer@framesubtitletoks=\toks31
)
(/usr/share/texlive/texmf-dist/tex/latex/beamer/beamerbaseframecomponents.sty
\beamer@footins=\box69
)
(/usr/share/texlive/texmf-dist/tex/latex/beamer/beamerbasecolor.sty)
(/usr/share/texlive/texmf-dist/tex/latex/beamer/beamerbasenotes.sty
\beamer@frameboxcopy=\box70
)
(/usr/share/texlive/texmf-dist/tex/latex/beamer/beamerbasetoc.sty)
(/usr/share/texlive/texmf-dist/tex/latex/beamer/beamerbasetemplates.sty
\beamer@sbttoks=\toks32

(/usr/share/texlive/texmf-dist/tex/latex/beamer/beamerbaseauxtemplates.sty
(/usr/share/texlive/texmf-dist/tex/latex/beamer/beamerbaseboxes.sty
\bmb@box=\box71
\bmb@colorbox=\box72
\bmb@boxwidth=\dimen264
\bmb@boxheight=\dimen265
\bmb@prevheight=\dimen266
\bmb@temp=\dimen267
\bmb@dima=\dimen268
\bmb@dimb=\dimen269
\bmb@prevheight=\dimen270
)
\beamer@blockheadheight=\dimen271
))
(/usr/share/texlive/texmf-dist/tex/latex/beamer/beamerbaselocalstructure.sty
(/usr/share/texlive/texmf-dist/tex/latex/tools/enumerate.sty
Package: enumerate 2015/07/23 v3.00 enumerate extensions (DPC)
\@enLab=\toks33
)
\beamer@bibiconwidth=\skip55
\c@figure=\count314
\c@table=\count315
\abovecaptionskip=\skip56
\belowcaptionskip=\skip57
)
(/usr/share/texlive/texmf-dist/tex/latex/beamer/beamerbasenavigation.sty
\beamer@section@min@dim=\dimen272
)
(/usr/share/texlive/texmf-dist/tex/latex/beamer/beamerbasetheorems.sty
(/usr/share/texlive/texmf-dist/tex/latex/amsmath/amsmath.sty
Package: amsmath 2021/10/15 v2.17l AMS math features
\@mathmargin=\skip58

For additional information on amsmath, use the `?' option.
(/usr/share/texlive/texmf-dist/tex/latex/amsmath/amstext.sty
Package: amstext 2021/08/26 v2.01 AMS text

(/usr/share/texlive/texmf-dist/tex/latex/amsmath/amsgen.sty
File: amsgen.sty 1999/11/30 v2.0 generic functions
\@emptytoks=\toks34
\ex@=\dimen273
))
(/usr/share/texlive/texmf-dist/tex/latex/amsmath/amsbsy.sty
Package: amsbsy 1999/11/29 v1.2d Bold Symbols
\pmbraise@=\dimen274
)
(/usr/share/texlive/texmf-dist/tex/latex/amsmath/amsopn.sty
Package: amsopn 2021/08/26 v2.02 operator names
)
\inf@bad=\count316
LaTeX Info: Redefining \frac on input line 234.
\uproot@=\count317
\leftroot@=\count318
LaTeX Info: Redefining \overline on input line 399.
\classnum@=\count319
\DOTSCASE@=\count320
LaTeX Info: Redefining \ldots on input line 496.
LaTeX Info: Redefining \dots on input line 499.
LaTeX Info: Redefining \cdots on input line 620.
\Mathstrutbox@=\box73
\strutbox@=\box74
\big@size=\dimen275
LaTeX Font Info:    Redeclaring font encoding OML on input line 743.
LaTeX Font Info:    Redeclaring font encoding OMS on input line 744.
\macc@depth=\count321
\c@MaxMatrixCols=\count322
\dotsspace@=\muskip17
\c@parentequation=\count323
\dspbrk@lvl=\count324
\tag@help=\toks35
\row@=\count325
\column@=\count326
\maxfields@=\count327
\andhelp@=\toks36
\eqnshift@=\dimen276
\alignsep@=\dimen277
\tagshift@=\dimen278
\tagwidth@=\dimen279
\totwidth@=\dimen280
\lineht@=\dimen281
\@envbody=\toks37
\multlinegap=\skip59
\multlinetaggap=\skip60
\mathdisplay@stack=\toks38
LaTeX Info: Redefining \[ on input line 2938.
LaTeX Info: Redefining \] on input line 2939.
)
(/usr/share/texlive/texmf-dist/tex/latex/amscls/amsthm.sty
Package: amsthm 2020/05/29 v2.20.6
\thm@style=\toks39
\thm@bodyfont=\toks40
\thm@headfont=\toks41
\thm@notefont=\toks42
\thm@headpunct=\toks43
\thm@preskip=\skip61
\thm@postskip=\skip62
\thm@headsep=\skip63
\dth@everypar=\toks44
)
\c@theorem=\count328
)
(/usr/share/texlive/texmf-dist/tex/latex/beamer/beamerbasethemes.sty))
(/usr/share/texlive/texmf-dist/tex/latex/beamer/beamerthemedefault.sty
(/usr/share/texlive/texmf-dist/tex/latex/beamer/beamerfontthemedefault.sty)
(/usr/share/texlive/texmf-dist/tex/latex/beamer/beamercolorthemedefault.sty)
(/usr/share/texlive/texmf-dist/tex/latex/beamer/beamerinnerthemedefault.sty
\beamer@dima=\dimen282
\beamer@dimb=\dimen283
)
(/usr/share/texlive/texmf-dist/tex/latex/beamer/beamerouterthemedefault.sty)))
(/usr/share/texlive/texmf-dist/tex/latex/framed/framed.sty
Package: framed 2011/10/22 v 0.96: framed or shaded text with page breaks
\OuterFrameSep=\skip64
\fb@frw=\dimen284
\fb@frh=\dimen285
\FrameRule=\dimen286
\FrameSep=\dimen287
)
(/usr/share/texlive/texmf-dist/tex/latex/pgf/frontendlayer/tikz.sty
(/usr/share/texlive/texmf-dist/tex/latex/pgf/basiclayer/pgf.sty
Package: pgf 2021/05/15 v3.1.9a (3.1.9a)

(/usr/share/texlive/texmf-dist/tex/generic/pgf/modules/pgfmoduleshapes.code.tex
File: pgfmoduleshapes.code.tex 2021/05/15 v3.1.9a (3.1.9a)
\pgfnodeparttextbox=\box75
) (/usr/share/texlive/texmf-dist/tex/generic/pgf/modules/pgfmoduleplot.code.tex
File: pgfmoduleplot.code.tex 2021/05/15 v3.1.9a (3.1.9a)
)
(/usr/share/texlive/texmf-dist/tex/latex/pgf/compatibility/pgfcomp-version-0-65
.sty
Package: pgfcomp-version-0-65 2021/05/15 v3.1.9a (3.1.9a)
\pgf@nodesepstart=\dimen288
\pgf@nodesepend=\dimen289
)
(/usr/share/texlive/texmf-dist/tex/latex/pgf/compatibility/pgfcomp-version-1-18
.sty
Package: pgfcomp-version-1-18 2021/05/15 v3.1.9a (3.1.9a)
)) (/usr/share/texlive/texmf-dist/tex/latex/pgf/utilities/pgffor.sty
(/usr/share/texlive/texmf-dist/tex/latex/pgf/utilities/pgfkeys.sty
(/usr/share/texlive/texmf-dist/tex/generic/pgf/utilities/pgfkeys.code.tex))
(/usr/share/texlive/texmf-dist/tex/latex/pgf/math/pgfmath.sty
(/usr/share/texlive/texmf-dist/tex/generic/pgf/math/pgfmath.code.tex))
(/usr/share/texlive/texmf-dist/tex/generic/pgf/utilities/pgffor.code.tex
Package: pgffor 2021/05/15 v3.1.9a (3.1.9a)

(/usr/share/texlive/texmf-dist/tex/generic/pgf/math/pgfmath.code.tex)
\pgffor@iter=\dimen290
\pgffor@skip=\dimen291
\pgffor@stack=\toks45
\pgffor@toks=\toks46
))
(/usr/share/texlive/texmf-dist/tex/generic/pgf/frontendlayer/tikz/tikz.code.tex
Package: tikz 2021/05/15 v3.1.9a (3.1.9a)

(/usr/share/texlive/texmf-dist/tex/generic/pgf/libraries/pgflibraryplothandlers
.code.tex
File: pgflibraryplothandlers.code.tex 2021/05/15 v3.1.9a (3.1.9a)
\pgf@plot@mark@count=\count329
\pgfplotmarksize=\dimen292
)
\tikz@lastx=\dimen293
\tikz@lasty=\dimen294
\tikz@lastxsaved=\dimen295
\tikz@lastysaved=\dimen296
\tikz@lastmovetox=\dimen297
\tikz@lastmovetoy=\dimen298
\tikzleveldistance=\dimen299
\tikzsiblingdistance=\dimen300
\tikz@figbox=\box76
\tikz@figbox@bg=\box77
\tikz@tempbox=\box78
\tikz@tempbox@bg=\box79
\tikztreelevel=\count330
\tikznumberofchildren=\count331
\tikznumberofcurrentchild=\count332
\tikz@fig@count=\count333

(/usr/share/texlive/texmf-dist/tex/generic/pgf/modules/pgfmodulematrix.code.tex
File: pgfmodulematrix.code.tex 2021/05/15 v3.1.9a (3.1.9a)
\pgfmatrixcurrentrow=\count334
\pgfmatrixcurrentcolumn=\count335
\pgf@matrix@numberofcolumns=\count336
)
\tikz@expandcount=\count337

(/usr/share/texlive/texmf-dist/tex/generic/pgf/frontendlayer/tikz/libraries/tik
zlibrarytopaths.code.tex
File: tikzlibrarytopaths.code.tex 2021/05/15 v3.1.9a (3.1.9a)
))))
(/usr/share/texlive/texmf-dist/tex/latex/base/inputenc.sty
Package: inputenc 2021/02/14 v1.3d Input encoding file
\inpenc@prehook=\toks47
\inpenc@posthook=\toks48
)
(/usr/share/texlive/texmf-dist/tex/latex/psnfss/times.sty
Package: times 2020/03/25 PSNFSS-v9.3 (SPQR) 
)
(/usr/share/texlive/texmf-dist/tex/latex/booktabs/booktabs.sty
Package: booktabs 2020/01/12 v1.61803398 Publication quality tables
\heavyrulewidth=\dimen301
\lightrulewidth=\dimen302
\cmidrulewidth=\dimen303
\belowrulesep=\dimen304
\belowbottomsep=\dimen305
\aboverulesep=\dimen306
\abovetopsep=\dimen307
\cmidrulesep=\dimen308
\cmidrulekern=\dimen309
\defaultaddspace=\dimen310
\@cmidla=\count338
\@cmidlb=\count339
\@aboverulesep=\dimen311
\@belowrulesep=\dimen312
\@thisruleclass=\count340
\@lastruleclass=\count341
\@thisrulewidth=\dimen313
)
LaTeX Font Info:    Trying to load font information for OT1+phv on input line 5
5.

(/usr/share/texlive/texmf-dist/tex/latex/psnfss/ot1phv.fd
File: ot1phv.fd 2020/03/25 scalable font definitions for OT1/phv.
)
(/usr/share/texlive/texmf-dist/tex/latex/l3backend/l3backend-pdftex.def
File: l3backend-pdftex.def 2022-01-12 L3 backend support: PDF output (pdfTeX)
\l__color_backend_stack_int=\count342
\l__pdf_internal_box=\box80
)
(./presentation.aux)
\openout1 = `presentation.aux'.

LaTeX Font Info:    Checking defaults for OML/cmm/m/it on input line 55.
LaTeX Font Info:    ... okay on input line 55.
LaTeX Font Info:    Checking defaults for OMS/cmsy/m/n on input line 55.
LaTeX Font Info:    ... okay on input line 55.
LaTeX Font Info:    Checking defaults for OT1/cmr/m/n on input line 55.
LaTeX Font Info:    ... okay on input line 55.
LaTeX Font Info:    Checking defaults for T1/cmr/m/n on input line 55.
LaTeX Font Info:    ... okay on input line 55.
LaTeX Font Info:    Checking defaults for TS1/cmr/m/n on input line 55.
LaTeX Font Info:    ... okay on input line 55.
LaTeX Font Info:    Checking defaults for OMX/cmex/m/n on input line 55.
LaTeX Font Info:    ... okay on input line 55.
LaTeX Font Info:    Checking defaults for U/cmr/m/n on input line 55.
LaTeX Font Info:    ... okay on input line 55.
LaTeX Font Info:    Checking defaults for PD1/pdf/m/n on input line 55.
LaTeX Font Info:    ... okay on input line 55.
LaTeX Font Info:    Checking defaults for PU/pdf/m/n on input line 55.
LaTeX Font Info:    ... okay on input line 55.

*geometry* driver: auto-detecting
*geometry* detected driver: pdftex
*geometry* verbose mode - [ preamble ] result:
* driver: pdftex
* paper: custom
* layout: <same size as paper>
* layoutoffset:(h,v)=(0.0pt,0.0pt)
* modes: includehead includefoot 
* h-part:(L,W,R)=(28.45274pt, 307.28987pt, 28.45274pt)
* v-part:(T,H,B)=(0.0pt, 273.14662pt, 0.0pt)
* \paperwidth=364.19536pt
* \paperheight=273.14662pt
* \textwidth=307.28987pt
* \textheight=244.6939pt
* \oddsidemargin=-43.81725pt
* \evensidemargin=-43.81725pt
* \topmargin=-72.26999pt
* \headheight=14.22636pt
* \headsep=0.0pt
* \topskip=11.0pt
* \footskip=14.22636pt
* \marginparwidth=4.0pt
* \marginparsep=10.0pt
* \columnsep=10.0pt
* \skip\footins=10.0pt plus 4.0pt minus 2.0pt
* \hoffset=0.0pt
* \voffset=0.0pt
* \mag=1000
* \@twocolumnfalse
* \@twosidefalse
* \@mparswitchfalse
* \@reversemarginfalse
* (1in=72.27pt=25.4mm, 1cm=28.453pt)

(/usr/share/texlive/texmf-dist/tex/context/base/mkii/supp-pdf.mkii
[Loading MPS to PDF converter (version 2006.09.02).]
\scratchcounter=\count343
\scratchdimen=\dimen314
\scratchbox=\box81
\nofMPsegments=\count344
\nofMParguments=\count345
\everyMPshowfont=\toks49
\MPscratchCnt=\count346
\MPscratchDim=\dimen315
\MPnumerator=\count347
\makeMPintoPDFobject=\count348
\everyMPtoPDFconversion=\toks50
) (/usr/share/texlive/texmf-dist/tex/latex/epstopdf-pkg/epstopdf-base.sty
Package: epstopdf-base 2020-01-24 v2.11 Base part for package epstopdf
Package epstopdf-base Info: Redefining graphics rule for `.eps' on input line 4
85.

(/usr/share/texlive/texmf-dist/tex/latex/latexconfig/epstopdf-sys.cfg
File: epstopdf-sys.cfg 2010/07/13 v1.3 Configuration of (r)epstopdf for TeX Liv
e
))
Package hyperref Info: Link coloring OFF on input line 55.

(/usr/share/texlive/texmf-dist/tex/latex/hyperref/nameref.sty
Package: nameref 2021-04-02 v2.47 Cross-referencing by name of section

(/usr/share/texlive/texmf-dist/tex/latex/refcount/refcount.sty
Package: refcount 2019/12/15 v3.6 Data extraction from label references (HO)
)
(/usr/share/texlive/texmf-dist/tex/generic/gettitlestring/gettitlestring.sty
Package: gettitlestring 2019/12/15 v1.6 Cleanup title references (HO)
)
\c@section@level=\count349
)
LaTeX Info: Redefining \ref on input line 55.
LaTeX Info: Redefining \pageref on input line 55.
LaTeX Info: Redefining \nameref on input line 55.

(./presentation.out) (./presentation.out)
\@outlinefile=\write5
\openout5 = `presentation.out'.

LaTeX Font Info:    Overwriting symbol font `operators' in version `normal'
(Font)                  OT1/cmr/m/n --> OT1/cmss/m/n on input line 55.
LaTeX Font Info:    Overwriting symbol font `operators' in version `bold'
(Font)                  OT1/cmr/bx/n --> OT1/cmss/b/n on input line 55.
\symnumbers=\mathgroup6
\sympureletters=\mathgroup7
LaTeX Font Info:    Overwriting math alphabet `\mathrm' in version `normal'
(Font)                  OT1/cmss/m/n --> OT1/ptm/m/n on input line 55.
LaTeX Font Info:    Redeclaring math alphabet \mathbf on input line 55.
LaTeX Font Info:    Overwriting math alphabet `\mathbf' in version `normal'
(Font)                  OT1/cmr/bx/n --> OT1/phv/b/n on input line 55.
LaTeX Font Info:    Overwriting math alphabet `\mathbf' in version `bold'
(Font)                  OT1/cmr/bx/n --> OT1/phv/b/n on input line 55.
LaTeX Font Info:    Redeclaring math alphabet \mathsf on input line 55.
LaTeX Font Info:    Overwriting math alphabet `\mathsf' in version `normal'
(Font)                  OT1/cmss/m/n --> OT1/phv/m/n on input line 55.
LaTeX Font Info:    Overwriting math alphabet `\mathsf' in version `bold'
(Font)                  OT1/cmss/bx/n --> OT1/phv/m/n on input line 55.
LaTeX Font Info:    Redeclaring math alphabet \mathit on input line 55.
LaTeX Font Info:    Overwriting math alphabet `\mathit' in version `normal'
(Font)                  OT1/cmr/m/it --> OT1/phv/m/it on input line 55.
LaTeX Font Info:    Overwriting math alphabet `\mathit' in version `bold'
(Font)                  OT1/cmr/bx/it --> OT1/phv/m/it on input line 55.
LaTeX Font Info:    Redeclaring math alphabet \mathtt on input line 55.
LaTeX Font Info:    Overwriting math alphabet `\mathtt' in version `normal'
(Font)                  OT1/cmtt/m/n --> OT1/pcr/m/n on input line 55.
LaTeX Font Info:    Overwriting math alphabet `\mathtt' in version `bold'
(Font)                  OT1/cmtt/m/n --> OT1/pcr/m/n on input line 55.
LaTeX Font Info:    Overwriting symbol font `numbers' in version `bold'
(Font)                  OT1/phv/m/n --> OT1/phv/b/n on input line 55.
LaTeX Font Info:    Overwriting symbol font `pureletters' in version `bold'
(Font)                  OT1/phv/m/it --> OT1/phv/b/it on input line 55.
LaTeX Font Info:    Overwriting math alphabet `\mathrm' in version `bold'
(Font)                  OT1/cmss/b/n --> OT1/ptm/b/n on input line 55.
LaTeX Font Info:    Overwriting math alphabet `\mathbf' in version `bold'
(Font)                  OT1/phv/b/n --> OT1/phv/b/n on input line 55.
LaTeX Font Info:    Overwriting math alphabet `\mathsf' in version `bold'
(Font)                  OT1/phv/m/n --> OT1/phv/b/n on input line 55.
LaTeX Font Info:    Overwriting math alphabet `\mathit' in version `bold'
(Font)                  OT1/phv/m/it --> OT1/phv/b/it on input line 55.
LaTeX Font Info:    Overwriting math alphabet `\mathtt' in version `bold'
(Font)                  OT1/pcr/m/n --> OT1/pcr/b/n on input line 55.

(/usr/share/texlive/texmf-dist/tex/latex/translator/translator-basic-dictionary
-English.dict
Dictionary: translator-basic-dictionary, Language: English 
)
(/usr/share/texlive/texmf-dist/tex/latex/translator/translator-bibliography-dic
tionary-English.dict
Dictionary: translator-bibliography-dictionary, Language: English 
)
(/usr/share/texlive/texmf-dist/tex/latex/translator/translator-environment-dict
ionary-English.dict
Dictionary: translator-environment-dictionary, Language: English 
)
(/usr/share/texlive/texmf-dist/tex/latex/translator/translator-months-dictionar
y-English.dict
Dictionary: translator-months-dictionary, Language: English 
)
(/usr/share/texlive/texmf-dist/tex/latex/translator/translator-numbers-dictiona
ry-English.dict
Dictionary: translator-numbers-dictionary, Language: English 
)
(/usr/share/texlive/texmf-dist/tex/latex/translator/translator-theorem-dictiona
ry-English.dict
Dictionary: translator-theorem-dictionary, Language: English 
) (./presentation.nav)
LaTeX Font Info:    Trying to load font information for U+msa on input line 58.


(/usr/share/texlive/texmf-dist/tex/latex/amsfonts/umsa.fd
File: umsa.fd 2013/01/14 v3.01 AMS symbols A
)
LaTeX Font Info:    Trying to load font information for U+msb on input line 58.


(/usr/share/texlive/texmf-dist/tex/latex/amsfonts/umsb.fd
File: umsb.fd 2013/01/14 v3.01 AMS symbols B
)
LaTeX Font Info:    Font shape `OT1/phv/m/it' in size <10.95> not available
(Font)              Font shape `OT1/phv/m/sl' tried instead on input line 58.
LaTeX Font Info:    Font shape `OT1/phv/m/it' in size <8> not available
(Font)              Font shape `OT1/phv/m/sl' tried instead on input line 58.
LaTeX Font Info:    Font shape `OT1/phv/m/it' in size <6> not available
(Font)              Font shape `OT1/phv/m/sl' tried instead on input line 58.
 [1

{/var/lib/texmf/fonts/map/pdftex/updmap/pdftex.map}]
<images//ballistic_research_lab.jpg, id=21, 1927.2pt x 1488.56125pt>
File: images//ballistic_research_lab.jpg Graphic file (type jpg)
<use images//ballistic_research_lab.jpg>
Package pdftex.def Info: images//ballistic_research_lab.jpg  used on input line
 66.
(pdftex.def)             Requested size: 289.06754pt x 223.27455pt.
<images//blank.jpg, id=22, 462.528pt x 260.172pt>
File: images//blank.jpg Graphic file (type jpg)
<use images//blank.jpg>
Package pdftex.def Info: images//blank.jpg  used on input line 66.
(pdftex.def)             Requested size: 364.19536pt x 204.87064pt.
 [2

 <./images//blank.jpg> <./images//ballistic_research_lab.jpg>]
<images//howitzer_105-mm-1200_480.jpg, id=28, 433.62pt x 173.448pt>
File: images//howitzer_105-mm-1200_480.jpg Graphic file (type jpg)
<use images//howitzer_105-mm-1200_480.jpg>
Package pdftex.def Info: images//howitzer_105-mm-1200_480.jpg  used on input li
ne 79.
(pdftex.def)             Requested size: 76.82246pt x 30.72702pt.
<images//m4-sherman.jpg, id=29, 2055.68pt x 1286.8075pt>
File: images//m4-sherman.jpg Graphic file (type jpg)
<use images//m4-sherman.jpg>
Package pdftex.def Info: images//m4-sherman.jpg  used on input line 79.
(pdftex.def)             Requested size: 61.45703pt x 38.4651pt.
<images//Anti-Aircraft_Artillery_37mm_Halftrack_and_Thompson.jpg, id=30, 385.44
pt x 308.8338pt>
File: images//Anti-Aircraft_Artillery_37mm_Halftrack_and_Thompson.jpg Graphic f
ile (type jpg)
<use images//Anti-Aircraft_Artillery_37mm_Halftrack_and_Thompson.jpg>
Package pdftex.def Info: images//Anti-Aircraft_Artillery_37mm_Halftrack_and_Tho
mpson.jpg  used on input line 79.
(pdftex.def)             Requested size: 61.45703pt x 49.24005pt.

Overfull \vbox (37.04405pt too high) detected at line 79
 []

File: images//blank.jpg Graphic file (type jpg)
<use images//blank.jpg>
Package pdftex.def Info: images//blank.jpg  used on input line 79.
(pdftex.def)             Requested size: 364.19536pt x 204.87064pt.
[3

 <./images//howitzer_105-mm-1200_480.jpg> <./images//m4-sherman.jpg> <./images/
/Anti-Aircraft_Artillery_37mm_Halftrack_and_Thompson.jpg>]
<images//cannon_range_chart.jpg, id=36, 401.5pt x 199.74625pt>
File: images//cannon_range_chart.jpg Graphic file (type jpg)
<use images//cannon_range_chart.jpg>
Package pdftex.def Info: images//cannon_range_chart.jpg  used on input line 86.

(pdftex.def)             Requested size: 364.19536pt x 181.19942pt.
 [4

 <./images//cannon_range_chart.jpg>]
<images//firing_table.jpg, id=42, 552.0625pt x 290.08376pt>
File: images//firing_table.jpg Graphic file (type jpg)
<use images//firing_table.jpg>
Package pdftex.def Info: images//firing_table.jpg  used on input line 93.
(pdftex.def)             Requested size: 364.19536pt x 191.37619pt.
 [5

 <./images//firing_table.jpg>]
<images//firing_table_rotation.jpg, id=48, 552.0625pt x 745.78625pt>
File: images//firing_table_rotation.jpg Graphic file (type jpg)
<use images//firing_table_rotation.jpg>
Package pdftex.def Info: images//firing_table_rotation.jpg  used on input line 
99.
(pdftex.def)             Requested size: 364.19536pt x 492.01563pt.
 [6

 <./images//firing_table_rotation.jpg>]
<images//human_computers.jpg, id=54, 475.2957pt x 385.44pt>
File: images//human_computers.jpg Graphic file (type jpg)
<use images//human_computers.jpg>
Package pdftex.def Info: images//human_computers.jpg  used on input line 105.
(pdftex.def)             Requested size: 364.19536pt x 295.34879pt.
 [7

 <./images//human_computers.jpg>]
Overfull \hbox (11.7282pt too wide) in paragraph at lines 113--113
 [] 
 []

<images//DifferentialAnalyzer.jpg, id=61, 627.5445pt x 435.226pt>
File: images//DifferentialAnalyzer.jpg Graphic file (type jpg)
<use images//DifferentialAnalyzer.jpg>
Package pdftex.def Info: images//DifferentialAnalyzer.jpg  used on input line 1
13.
(pdftex.def)             Requested size: 364.19536pt x 252.58398pt.
[8

 <./images//DifferentialAnalyzer.jpg>]
File: images//DifferentialAnalyzer.jpg Graphic file (type jpg)
<use images//DifferentialAnalyzer.jpg>
Package pdftex.def Info: images//DifferentialAnalyzer.jpg  used on input line 1
19.
(pdftex.def)             Requested size: 364.19536pt x 252.58398pt.
 [9

]
<images//ww2_timeline.jpg, id=72, 602.25pt x 220.825pt>
File: images//ww2_timeline.jpg Graphic file (type jpg)
<use images//ww2_timeline.jpg>
Package pdftex.def Info: images//ww2_timeline.jpg  used on input line 125.
(pdftex.def)             Requested size: 364.19536pt x 133.54393pt.
 [10

 <./images//ww2_timeline.jpg>]
<images//eniac_women_programmers_1.jpg, id=78, 730.73pt x 364.36125pt>
File: images//eniac_women_programmers_1.jpg Graphic file (type jpg)
<use images//eniac_women_programmers_1.jpg>
Package pdftex.def Info: images//eniac_women_programmers_1.jpg  used on input l
ine 131.
(pdftex.def)             Requested size: 364.19536pt x 181.5964pt.

[11

 <./images//eniac_women_programmers_1.jpg>]
LaTeX Font Info:    Font shape `OT1/phv/m/it' in size <14.4> not available
(Font)              Font shape `OT1/phv/m/sl' tried instead on input line 140.
LaTeX Font Info:    Font shape `OT1/phv/m/it' in size <10> not available
(Font)              Font shape `OT1/phv/m/sl' tried instead on input line 140.
LaTeX Font Info:    Font shape `OT1/phv/m/it' in size <7> not available
(Font)              Font shape `OT1/phv/m/sl' tried instead on input line 140.
File: images//eniac_women_programmers_1.jpg Graphic file (type jpg)
<use images//eniac_women_programmers_1.jpg>
Package pdftex.def Info: images//eniac_women_programmers_1.jpg  used on input l
ine 140.
(pdftex.def)             Requested size: 364.19536pt x 181.5964pt.
 [12

]
File: images//eniac_women_programmers_1.jpg Graphic file (type jpg)
<use images//eniac_women_programmers_1.jpg>
Package pdftex.def Info: images//eniac_women_programmers_1.jpg  used on input l
ine 151.
(pdftex.def)             Requested size: 364.19536pt x 181.5964pt.
 [13

]
File: images//eniac_women_programmers_1.jpg Graphic file (type jpg)
<use images//eniac_women_programmers_1.jpg>
Package pdftex.def Info: images//eniac_women_programmers_1.jpg  used on input l
ine 162.
(pdftex.def)             Requested size: 364.19536pt x 181.5964pt.
 [14

]
<images//vacuum_tubes_history.jpg, id=100, 2248.4pt x 1264.725pt>
File: images//vacuum_tubes_history.jpg Graphic file (type jpg)
<use images//vacuum_tubes_history.jpg>
Package pdftex.def Info: images//vacuum_tubes_history.jpg  used on input line 1
68.
(pdftex.def)             Requested size: 364.19536pt x 204.8496pt.
 [15

 <./images//vacuum_tubes_history.jpg>]
File: images//vacuum_tubes_history.jpg Graphic file (type jpg)
<use images//vacuum_tubes_history.jpg>
Package pdftex.def Info: images//vacuum_tubes_history.jpg  used on input line 1
79.
(pdftex.def)             Requested size: 364.19536pt x 204.8496pt.
 [16

]
<images//first_four.jpg, id=111, 608.2725pt x 481.8pt>
File: images//first_four.jpg Graphic file (type jpg)
<use images//first_four.jpg>
Package pdftex.def Info: images//first_four.jpg  used on input line 185.
(pdftex.def)             Requested size: 364.19536pt x 288.47939pt.
 [17

 <./images//first_four.jpg>]
LaTeX Font Info:    Font shape `OT1/phv/m/it' in size <24.88> not available
(Font)              Font shape `OT1/phv/m/sl' tried instead on input line 197.
LaTeX Font Info:    Font shape `OT1/phv/m/it' in size <20.74> not available
(Font)              Font shape `OT1/phv/m/sl' tried instead on input line 197.
LaTeX Font Info:    Font shape `OT1/phv/m/it' in size <17.28> not available
(Font)              Font shape `OT1/phv/m/sl' tried instead on input line 197.
File: images//first_four.jpg Graphic file (type jpg)
<use images//first_four.jpg>
Package pdftex.def Info: images//first_four.jpg  used on input line 197.
(pdftex.def)             Requested size: 364.19536pt x 288.47939pt.
 [18

]
File: images//first_four.jpg Graphic file (type jpg)
<use images//first_four.jpg>
Package pdftex.def Info: images//first_four.jpg  used on input line 197.
(pdftex.def)             Requested size: 364.19536pt x 288.47939pt.
 [19

]
File: images//first_four.jpg Graphic file (type jpg)
<use images//first_four.jpg>
Package pdftex.def Info: images//first_four.jpg  used on input line 197.
(pdftex.def)             Requested size: 364.19536pt x 288.47939pt.

[20

]
File: images//first_four.jpg Graphic file (type jpg)
<use images//first_four.jpg>
Package pdftex.def Info: images//first_four.jpg  used on input line 197.
(pdftex.def)             Requested size: 364.19536pt x 288.47939pt.
 [21

]
File: images//first_four.jpg Graphic file (type jpg)
<use images//first_four.jpg>
Package pdftex.def Info: images//first_four.jpg  used on input line 208.
(pdftex.def)             Requested size: 364.19536pt x 288.47939pt.
 [22

]
File: images//first_four.jpg Graphic file (type jpg)
<use images//first_four.jpg>
Package pdftex.def Info: images//first_four.jpg  used on input line 208.
(pdftex.def)             Requested size: 364.19536pt x 288.47939pt.
 [23

]
File: images//first_four.jpg Graphic file (type jpg)
<use images//first_four.jpg>
Package pdftex.def Info: images//first_four.jpg  used on input line 208.
(pdftex.def)             Requested size: 364.19536pt x 288.47939pt.
 [24

]
<images//cycling_unit.jpg, id=153, 938.50626pt x 624.3325pt>
File: images//cycling_unit.jpg Graphic file (type jpg)
<use images//cycling_unit.jpg>
Package pdftex.def Info: images//cycling_unit.jpg  used on input line 214.
(pdftex.def)             Requested size: 364.19536pt x 242.2693pt.
 [25

 <./images//cycling_unit.jpg>]
<images//ibm_card_punch.jpg, id=161, 481.8pt x 369.38pt>
File: images//ibm_card_punch.jpg Graphic file (type jpg)
<use images//ibm_card_punch.jpg>
Package pdftex.def Info: images//ibm_card_punch.jpg  used on input line 220.
(pdftex.def)             Requested size: 364.19536pt x 279.22119pt.
 [26

 <./images//ibm_card_punch.jpg>]
File: images//ibm_card_punch.jpg Graphic file (type jpg)
<use images//ibm_card_punch.jpg>
Package pdftex.def Info: images//ibm_card_punch.jpg  used on input line 227.
(pdftex.def)             Requested size: 364.19536pt x 279.22119pt.
 [27

]
<images//punch_card_system_3.jpg, id=172, 803.0pt x 396.48125pt>
File: images//punch_card_system_3.jpg Graphic file (type jpg)
<use images//punch_card_system_3.jpg>
Package pdftex.def Info: images//punch_card_system_3.jpg  used on input line 23
2.
(pdftex.def)             Requested size: 364.19536pt x 179.82451pt.
 [28

 <./images//punch_card_system_3.jpg>]
<images//5mbof-punched-card-computer-rooms.jpg, id=178, 738.76pt x 1047.915pt>
File: images//5mbof-punched-card-computer-rooms.jpg Graphic file (type jpg)
<use images//5mbof-punched-card-computer-rooms.jpg>
Package pdftex.def Info: images//5mbof-punched-card-computer-rooms.jpg  used on
 input line 238.
(pdftex.def)             Requested size: 364.19536pt x 516.60086pt.
 [29

 <./images//5mbof-punched-card-computer-rooms.jpg>]
File: images//5mbof-punched-card-computer-rooms.jpg Graphic file (type jpg)
<use images//5mbof-punched-card-computer-rooms.jpg>
Package pdftex.def Info: images//5mbof-punched-card-computer-rooms.jpg  used on
 input line 245.
(pdftex.def)             Requested size: 364.19536pt x 516.60086pt.
 [30

]
<images//room_layout.jpg, id=189, 558.9322pt x 809.55661pt>
File: images//room_layout.jpg Graphic file (type jpg)
<use images//room_layout.jpg>
Package pdftex.def Info: images//room_layout.jpg  used on input line 250.
(pdftex.def)             Requested size: 364.19536pt x 527.51495pt.
 [31

 <./images//room_layout.jpg>]
File: images//room_layout.jpg Graphic file (type jpg)
<use images//room_layout.jpg>
Package pdftex.def Info: images//room_layout.jpg  used on input line 261.
(pdftex.def)             Requested size: 364.19536pt x 527.51495pt.

[32

]
File: images//room_layout.jpg Graphic file (type jpg)
<use images//room_layout.jpg>
Package pdftex.def Info: images//room_layout.jpg  used on input line 261.
(pdftex.def)             Requested size: 364.19536pt x 527.51495pt.
 [33

]
File: images//room_layout.jpg Graphic file (type jpg)
<use images//room_layout.jpg>
Package pdftex.def Info: images//room_layout.jpg  used on input line 261.
(pdftex.def)             Requested size: 364.19536pt x 527.51495pt.
 [34

]
File: images//room_layout.jpg Graphic file (type jpg)
<use images//room_layout.jpg>
Package pdftex.def Info: images//room_layout.jpg  used on input line 261.
(pdftex.def)             Requested size: 364.19536pt x 527.51495pt.
 [35

]
Overfull \vbox (31.63913pt too high) detected at line 272
 []

File: images//room_layout.jpg Graphic file (type jpg)
<use images//room_layout.jpg>
Package pdftex.def Info: images//room_layout.jpg  used on input line 272.
(pdftex.def)             Requested size: 364.19536pt x 527.51495pt.
[36

]
Overfull \vbox (31.63913pt too high) detected at line 272
 []

File: images//room_layout.jpg Graphic file (type jpg)
<use images//room_layout.jpg>
Package pdftex.def Info: images//room_layout.jpg  used on input line 272.
(pdftex.def)             Requested size: 364.19536pt x 527.51495pt.
[37

]
Overfull \vbox (31.63913pt too high) detected at line 272
 []

File: images//room_layout.jpg Graphic file (type jpg)
<use images//room_layout.jpg>
Package pdftex.def Info: images//room_layout.jpg  used on input line 272.
(pdftex.def)             Requested size: 364.19536pt x 527.51495pt.
[38

]
Overfull \vbox (31.63913pt too high) detected at line 272
 []

File: images//room_layout.jpg Graphic file (type jpg)
<use images//room_layout.jpg>
Package pdftex.def Info: images//room_layout.jpg  used on input line 272.
(pdftex.def)             Requested size: 364.19536pt x 527.51495pt.
[39

]
Overfull \vbox (31.63913pt too high) detected at line 272
 []

File: images//room_layout.jpg Graphic file (type jpg)
<use images//room_layout.jpg>
Package pdftex.def Info: images//room_layout.jpg  used on input line 272.
(pdftex.def)             Requested size: 364.19536pt x 527.51495pt.
[40

]
File: images//eniac_women_programmers_1.jpg Graphic file (type jpg)
<use images//eniac_women_programmers_1.jpg>
Package pdftex.def Info: images//eniac_women_programmers_1.jpg  used on input l
ine 287.
(pdftex.def)             Requested size: 364.19536pt x 181.5964pt.
 [41

]
<images//woman_wiring.jpg, id=247, 749.80125pt x 582.175pt>
File: images//woman_wiring.jpg Graphic file (type jpg)
<use images//woman_wiring.jpg>
Package pdftex.def Info: images//woman_wiring.jpg  used on input line 294.
(pdftex.def)             Requested size: 364.19536pt x 282.78093pt.
 [42

 <./images//woman_wiring.jpg>]
File: images//woman_wiring.jpg Graphic file (type jpg)
<use images//woman_wiring.jpg>
Package pdftex.def Info: images//woman_wiring.jpg  used on input line 300.
(pdftex.def)             Requested size: 364.19536pt x 282.78093pt.
 [43

]
<images//eniac_women_programmers_2.jpg, id=259, 1244.65pt x 748.7975pt>
File: images//eniac_women_programmers_2.jpg Graphic file (type jpg)
<use images//eniac_women_programmers_2.jpg>
Package pdftex.def Info: images//eniac_women_programmers_2.jpg  used on input l
ine 308.
(pdftex.def)             Requested size: 364.19536pt x 219.0995pt.
 [44

 <./images//eniac_women_programmers_2.jpg>]
<images//ENIAC_Women.jpg, id=265, 565.36218pt x 156.585pt>
File: images//ENIAC_Women.jpg Graphic file (type jpg)
<use images//ENIAC_Women.jpg>
Package pdftex.def Info: images//ENIAC_Women.jpg  used on input line 315.
(pdftex.def)             Requested size: 364.19536pt x 100.87111pt.
 [45

 <./images//ENIAC_Women.jpg>]
<images//2.jpg, id=271, 1204.5pt x 632.3625pt>
File: images//2.jpg Graphic file (type jpg)
<use images//2.jpg>
Package pdftex.def Info: images//2.jpg  used on input line 327.
(pdftex.def)             Requested size: 364.19536pt x 191.20581pt.
 [46

 <./images//2.jpg>]
File: images//2.jpg Graphic file (type jpg)
<use images//2.jpg>
Package pdftex.def Info: images//2.jpg  used on input line 327.
(pdftex.def)             Requested size: 364.19536pt x 191.20581pt.

[47

]
File: images//2.jpg Graphic file (type jpg)
<use images//2.jpg>
Package pdftex.def Info: images//2.jpg  used on input line 327.
(pdftex.def)             Requested size: 364.19536pt x 191.20581pt.
 [48

]
File: images//2.jpg Graphic file (type jpg)
<use images//2.jpg>
Package pdftex.def Info: images//2.jpg  used on input line 327.
(pdftex.def)             Requested size: 364.19536pt x 191.20581pt.
 [49

]
File: images//2.jpg Graphic file (type jpg)
<use images//2.jpg>
Package pdftex.def Info: images//2.jpg  used on input line 327.
(pdftex.def)             Requested size: 364.19536pt x 191.20581pt.
 [50

]
<images//binary_ring_counter.jpg, id=299, 572.1375pt x 244.915pt>
File: images//binary_ring_counter.jpg Graphic file (type jpg)
<use images//binary_ring_counter.jpg>
Package pdftex.def Info: images//binary_ring_counter.jpg  used on input line 33
5.
(pdftex.def)             Requested size: 364.19536pt x 155.90047pt.
 [51

 <./images//binary_ring_counter.jpg>]
File: images//binary_ring_counter.jpg Graphic file (type jpg)
<use images//binary_ring_counter.jpg>
Package pdftex.def Info: images//binary_ring_counter.jpg  used on input line 34
1.
(pdftex.def)             Requested size: 364.19536pt x 155.90047pt.
 [52

]
<images//circuit_diagram.jpg, id=310, 642.4pt x 380.42125pt>
File: images//circuit_diagram.jpg Graphic file (type jpg)
<use images//circuit_diagram.jpg>
Package pdftex.def Info: images//circuit_diagram.jpg  used on input line 347.
(pdftex.def)             Requested size: 364.19536pt x 215.6756pt.
 [53

 <./images//circuit_diagram.jpg>]
<images//multiplication_circuit.jpg, id=316, 660.4675pt x 1061.9675pt>
File: images//multiplication_circuit.jpg Graphic file (type jpg)
<use images//multiplication_circuit.jpg>
Package pdftex.def Info: images//multiplication_circuit.jpg  used on input line
 353.
(pdftex.def)             Requested size: 364.19536pt x 585.60713pt.
 [54

 <./images//multiplication_circuit.jpg>]
<images//master_programmer_diagram.jpg, id=322, 563.5734pt x 865.25092pt>
File: images//master_programmer_diagram.jpg Graphic file (type jpg)
<use images//master_programmer_diagram.jpg>
Package pdftex.def Info: images//master_programmer_diagram.jpg  used on input l
ine 359.
(pdftex.def)             Requested size: 364.19536pt x 559.14539pt.
 [55

 <./images//master_programmer_diagram.jpg>]
File: images//room_layout.jpg Graphic file (type jpg)
<use images//room_layout.jpg>
Package pdftex.def Info: images//room_layout.jpg  used on input line 370.
(pdftex.def)             Requested size: 364.19536pt x 527.51495pt.
 [56

]
File: images//room_layout.jpg Graphic file (type jpg)
<use images//room_layout.jpg>
Package pdftex.def Info: images//room_layout.jpg  used on input line 370.
(pdftex.def)             Requested size: 364.19536pt x 527.51495pt.
 [57

]
File: images//room_layout.jpg Graphic file (type jpg)
<use images//room_layout.jpg>
Package pdftex.def Info: images//room_layout.jpg  used on input line 370.
(pdftex.def)             Requested size: 364.19536pt x 527.51495pt.
 [58

]
File: images//room_layout.jpg Graphic file (type jpg)
<use images//room_layout.jpg>
Package pdftex.def Info: images//room_layout.jpg  used on input line 370.
(pdftex.def)             Requested size: 364.19536pt x 527.51495pt.
 [59

]
<images//master_programmer.jpg, id=349, 922.93431pt x 519.15054pt>
File: images//master_programmer.jpg Graphic file (type jpg)
<use images//master_programmer.jpg>
Package pdftex.def Info: images//master_programmer.jpg  used on input line 377.

(pdftex.def)             Requested size: 364.19536pt x 204.86021pt.
 [60

 <./images//master_programmer.jpg>]
File: images//master_programmer.jpg Graphic file (type jpg)
<use images//master_programmer.jpg>
Package pdftex.def Info: images//master_programmer.jpg  used on input line 383.

(pdftex.def)             Requested size: 364.19536pt x 204.86021pt.
 [61

]
<images//testing_multiplier.jpg, id=361, 862.5988pt x 670.98386pt>
File: images//testing_multiplier.jpg Graphic file (type jpg)
<use images//testing_multiplier.jpg>
Package pdftex.def Info: images//testing_multiplier.jpg  used on input line 390
.
(pdftex.def)             Requested size: 364.19536pt x 283.28561pt.
 [62

 <./images//testing_multiplier.jpg>]
File: images//testing_multiplier.jpg Graphic file (type jpg)
<use images//testing_multiplier.jpg>
Package pdftex.def Info: images//testing_multiplier.jpg  used on input line 396
.
(pdftex.def)             Requested size: 364.19536pt x 283.28561pt.
 [63

]
<images//monte_carlo_flow.jpg, id=372, 752.8125pt x 696.6025pt>
File: images//monte_carlo_flow.jpg Graphic file (type jpg)
<use images//monte_carlo_flow.jpg>
Package pdftex.def Info: images//monte_carlo_flow.jpg  used on input line 403.
(pdftex.def)             Requested size: 364.19536pt x 337.01208pt.
 [64

 <./images//monte_carlo_flow.jpg>]
<images//variables.jpg, id=378, 421.02248pt x 580.8121pt>
File: images//variables.jpg Graphic file (type jpg)
<use images//variables.jpg>
Package pdftex.def Info: images//variables.jpg  used on input line 410.
(pdftex.def)             Requested size: 364.19536pt x 502.43988pt.
 [65

 <./images//variables.jpg>]
File: images//variables.jpg Graphic file (type jpg)
<use images//variables.jpg>
Package pdftex.def Info: images//variables.jpg  used on input line 416.
(pdftex.def)             Requested size: 364.19536pt x 502.43988pt.
 [66

]
<images//azimuth.jpg, id=389, 1204.5pt x 632.3625pt>
File: images//azimuth.jpg Graphic file (type jpg)
<use images//azimuth.jpg>
Package pdftex.def Info: images//azimuth.jpg  used on input line 422.
(pdftex.def)             Requested size: 364.19536pt x 191.20581pt.
 [67

 <./images//azimuth.jpg>]
<images//equations.jpg, id=396, 423.67459pt x 240.67899pt>
File: images//equations.jpg Graphic file (type jpg)
<use images//equations.jpg>
Package pdftex.def Info: images//equations.jpg  used on input line 428.
(pdftex.def)             Requested size: 364.19536pt x 206.89542pt.
 [68

 <./images//equations.jpg>]
File: images//equations.jpg Graphic file (type jpg)
<use images//equations.jpg>
Package pdftex.def Info: images//equations.jpg  used on input line 434.
(pdftex.def)             Requested size: 364.19536pt x 206.89542pt.
 [69

]
<images//piano_pedaling_sheet.jpg, id=407, 614.17415pt x 269.01843pt>
File: images//piano_pedaling_sheet.jpg Graphic file (type jpg)
<use images//piano_pedaling_sheet.jpg>
Package pdftex.def Info: images//piano_pedaling_sheet.jpg  used on input line 4
41.
(pdftex.def)             Requested size: 364.19536pt x 159.52405pt.
 [70

 <./images//piano_pedaling_sheet.jpg>]
File: images//piano_pedaling_sheet.jpg Graphic file (type jpg)
<use images//piano_pedaling_sheet.jpg>
Package pdftex.def Info: images//piano_pedaling_sheet.jpg  used on input line 4
47.
(pdftex.def)             Requested size: 364.19536pt x 159.52405pt.
 [71

]
<images//pedaling_sheet.jpg, id=418, 1600.98125pt x 524.96124pt>
File: images//pedaling_sheet.jpg Graphic file (type jpg)
<use images//pedaling_sheet.jpg>
Package pdftex.def Info: images//pedaling_sheet.jpg  used on input line 455.
(pdftex.def)             Requested size: 364.19536pt x 119.41685pt.
 [72

 <./images//pedaling_sheet.jpg>]
File: images//pedaling_sheet.jpg Graphic file (type jpg)
<use images//pedaling_sheet.jpg>
Package pdftex.def Info: images//pedaling_sheet.jpg  used on input line 461.
(pdftex.def)             Requested size: 364.19536pt x 119.41685pt.
 [73

]
File: images//room_layout.jpg Graphic file (type jpg)
<use images//room_layout.jpg>
Package pdftex.def Info: images//room_layout.jpg  used on input line 473.
(pdftex.def)             Requested size: 364.19536pt x 527.51495pt.
 [74

]
File: images//room_layout.jpg Graphic file (type jpg)
<use images//room_layout.jpg>
Package pdftex.def Info: images//room_layout.jpg  used on input line 473.
(pdftex.def)             Requested size: 364.19536pt x 527.51495pt.
 [75

]
File: images//room_layout.jpg Graphic file (type jpg)
<use images//room_layout.jpg>
Package pdftex.def Info: images//room_layout.jpg  used on input line 473.
(pdftex.def)             Requested size: 364.19536pt x 527.51495pt.
 [76

]
File: images//room_layout.jpg Graphic file (type jpg)
<use images//room_layout.jpg>
Package pdftex.def Info: images//room_layout.jpg  used on input line 473.
(pdftex.def)             Requested size: 364.19536pt x 527.51495pt.
 [77

]
Overfull \vbox (11.27042pt too high) detected at line 484
 []

File: images//room_layout.jpg Graphic file (type jpg)
<use images//room_layout.jpg>
Package pdftex.def Info: images//room_layout.jpg  used on input line 484.
(pdftex.def)             Requested size: 364.19536pt x 527.51495pt.
[78

]
Overfull \vbox (11.27042pt too high) detected at line 484
 []

File: images//room_layout.jpg Graphic file (type jpg)
<use images//room_layout.jpg>
Package pdftex.def Info: images//room_layout.jpg  used on input line 484.
(pdftex.def)             Requested size: 364.19536pt x 527.51495pt.
[79

]
Overfull \vbox (11.27042pt too high) detected at line 484
 []

File: images//room_layout.jpg Graphic file (type jpg)
<use images//room_layout.jpg>
Package pdftex.def Info: images//room_layout.jpg  used on input line 484.
(pdftex.def)             Requested size: 364.19536pt x 527.51495pt.
[80

]
Overfull \vbox (34.6621pt too high) detected at line 496
 []

File: images//room_layout.jpg Graphic file (type jpg)
<use images//room_layout.jpg>
Package pdftex.def Info: images//room_layout.jpg  used on input line 496.
(pdftex.def)             Requested size: 364.19536pt x 527.51495pt.
[81

]
Overfull \vbox (34.6621pt too high) detected at line 496
 []

File: images//room_layout.jpg Graphic file (type jpg)
<use images//room_layout.jpg>
Package pdftex.def Info: images//room_layout.jpg  used on input line 496.
(pdftex.def)             Requested size: 364.19536pt x 527.51495pt.
[82

]
Overfull \vbox (34.6621pt too high) detected at line 496
 []

File: images//room_layout.jpg Graphic file (type jpg)
<use images//room_layout.jpg>
Package pdftex.def Info: images//room_layout.jpg  used on input line 496.
(pdftex.def)             Requested size: 364.19536pt x 527.51495pt.
[83

]
Overfull \vbox (34.6621pt too high) detected at line 496
 []

File: images//room_layout.jpg Graphic file (type jpg)
<use images//room_layout.jpg>
Package pdftex.def Info: images//room_layout.jpg  used on input line 496.
(pdftex.def)             Requested size: 364.19536pt x 527.51495pt.
[84

]
Overfull \vbox (34.6621pt too high) detected at line 496
 []

File: images//room_layout.jpg Graphic file (type jpg)
<use images//room_layout.jpg>
Package pdftex.def Info: images//room_layout.jpg  used on input line 496.
(pdftex.def)             Requested size: 364.19536pt x 527.51495pt.
[85

]
\tf@nav=\write6
\openout6 = `presentation.nav'.

\tf@toc=\write7
\openout7 = `presentation.toc'.

\tf@snm=\write8
\openout8 = `presentation.snm'.

 (./presentation.aux)
Package rerunfilecheck Info: File `presentation.out' has not changed.
(rerunfilecheck)             Checksum: D41D8CD98F00B204E9800998ECF8427E;0.
 ) 
Here is how much of TeX's memory you used:
 25330 strings out of 480247
 504731 string characters out of 5896151
 733235 words of memory out of 5000000
 42557 multiletter control sequences out of 15000+600000
 497627 words of font info for 100 fonts, out of 8000000 for 9000
 14 hyphenation exceptions out of 8191
 142i,11n,136p,393b,642s stack positions out of 5000i,500n,10000p,200000b,80000s
{/usr/share/texlive/texmf-dist/fonts/enc/dvips/base/8r.enc}</usr/share/texliv
e/texmf-dist/fonts/type1/public/amsfonts/cm/cmsy10.pfb></usr/share/texlive/texm
f-dist/fonts/type1/urw/helvetic/uhvr8a.pfb>
Output written on presentation.pdf (85 pages, 6974906 bytes).
PDF statistics:
 545 PDF objects out of 1000 (max. 8388607)
 408 compressed objects within 5 object streams
 171 named destinations out of 1000 (max. 500000)
 218 words of extra memory for PDF output out of 10000 (max. 10000000)

